[debug] [2024-04-17T14:13:35.508Z] ----------------------------------------------------------------------
[debug] [2024-04-17T14:13:35.510Z] Command:       C:\Program Files\nodejs\node.exe C:\Users\bysteka ratateka\AppData\Roaming\npm\node_modules\firebase-tools\lib\bin\firebase.js projects:create
[debug] [2024-04-17T14:13:35.510Z] CLI Version:   13.7.2
[debug] [2024-04-17T14:13:35.511Z] Platform:      win32
[debug] [2024-04-17T14:13:35.511Z] Node Version:  v18.18.2
[debug] [2024-04-17T14:13:35.512Z] Time:          Wed Apr 17 2024 11:13:35 GMT-0300 (hora estándar de Argentina)
[debug] [2024-04-17T14:13:35.512Z] ----------------------------------------------------------------------
[debug] 
[debug] [2024-04-17T14:13:35.563Z] > command requires scopes: ["email","openid","https://www.googleapis.com/auth/cloudplatformprojects.readonly","https://www.googleapis.com/auth/firebase","https://www.googleapis.com/auth/cloud-platform"]
[debug] [2024-04-17T14:13:35.564Z] > authorizing via signed-in user (camilatrobbiani@gmail.com)
[debug] [2024-04-17T14:13:55.459Z] >>> [apiv2][query] POST https://cloudresourcemanager.googleapis.com/v1/projects [none]
[debug] [2024-04-17T14:13:55.460Z] >>> [apiv2][body] POST https://cloudresourcemanager.googleapis.com/v1/projects {"projectId":"desafio","name":"y"}
[debug] [2024-04-17T14:13:56.566Z] <<< [apiv2][status] POST https://cloudresourcemanager.googleapis.com/v1/projects 400
[debug] [2024-04-17T14:13:56.566Z] <<< [apiv2][body] POST https://cloudresourcemanager.googleapis.com/v1/projects {"error":{"code":400,"message":"field [display_name] has issue [project display name must be at least 4 characters]","status":"INVALID_ARGUMENT","details":[{"@type":"type.googleapis.com/google.rpc.BadRequest","fieldViolations":[{"field":"display_name","description":"project display name must be at least 4 characters"}]},{"@type":"type.googleapis.com/google.rpc.Help","links":[{"url":"https://cloud.google.com/resource-manager/reference/rest/v1/projects"}]}]}}
[debug] [2024-04-17T14:13:56.695Z] FirebaseError: HTTP Error: 400, field [display_name] has issue [project display name must be at least 4 characters]
    at responseToError (C:\Users\bysteka ratateka\AppData\Roaming\npm\node_modules\firebase-tools\lib\responseToError.js:49:12)
    at RetryOperation._fn (C:\Users\bysteka ratateka\AppData\Roaming\npm\node_modules\firebase-tools\lib\apiv2.js:299:77)
    at process.processTicksAndRejections (node:internal/process/task_queues:95:5)
[error] 
[error] Error: Failed to create project. See firebase-debug.log for more info.
